[debug] [2026-03-06T15:45:53.306Z] ----------------------------------------------------------------------
[debug] [2026-03-06T15:45:53.308Z] Command:       C:\Program Files\nodejs\node.exe C:\Users\alsbi\AppData\Roaming\npm\node_modules\firebase-tools\lib\bin\firebase.js init hosting
[debug] [2026-03-06T15:45:53.308Z] CLI Version:   15.9.0
[debug] [2026-03-06T15:45:53.309Z] Platform:      win32
[debug] [2026-03-06T15:45:53.309Z] Node Version:  v22.14.0
[debug] [2026-03-06T15:45:53.309Z] Time:          Fri Mar 06 2026 21:15:53 GMT+0530 (India Standard Time)
[debug] [2026-03-06T15:45:53.309Z] ----------------------------------------------------------------------
[debug] 
[info] 
     ######## #### ########  ######## ########     ###     ######  ########
     ##        ##  ##     ## ##       ##     ##  ##   ##  ##       ##
     ######    ##  ########  ######   ########  #########  ######  ######
     ##        ##  ##    ##  ##       ##     ## ##     ##       ## ##
     ##       #### ##     ## ######## ########  ##     ##  ######  ########

You're about to initialize a Firebase project in this directory:

  C:\Users\alsbi\OneDrive\Desktop\diabetes preds

Before we get started, keep in mind:

  * You are initializing within an existing Firebase project directory

[debug] [2026-03-06T15:47:11.211Z] ExitPromptError: User force closed the prompt with SIGINT
    at Interface.sigint (C:\Users\alsbi\AppData\Roaming\npm\node_modules\firebase-tools\node_modules\@inquirer\core\dist\commonjs\lib\create-prompt.js:101:37)
    at Interface.emit (node:events:518:28)
    at [_ttyWrite] [as _ttyWrite] (node:internal/readline/interface:1124:18)
    at ReadStream.onkeypress (node:internal/readline/interface:263:20)
    at ReadStream.emit (node:events:530:35)
    at emitKeys (node:internal/readline/utils:370:14)
    at emitKeys.next (<anonymous>)
    at ReadStream.onData (node:internal/readline/emitKeypressEvents:64:36)
    at ReadStream.emit (node:events:518:28)
    at addChunk (node:internal/streams/readable:561:12)
[error] 
[error] Error: An unexpected error has occurred.
